\BOOKMARK [0][-]{section*.1}{\315ndice general}{}% 1
\BOOKMARK [0][-]{section*.2}{\315ndice de figuras}{}% 2
\BOOKMARK [0][-]{section*.3}{\315ndice de tablas}{}% 3
\BOOKMARK [0][-]{chapter.1}{Introducci\363n general\(Por decidir\)}{}% 4
\BOOKMARK [1][-]{section.1.1}{Motivaci\363n}{chapter.1}% 5
\BOOKMARK [1][-]{section.1.2}{Objetivos}{chapter.1}% 6
\BOOKMARK [1][-]{section.1.3}{Metodolog\355a}{chapter.1}% 7
\BOOKMARK [1][-]{section.1.4}{Organizaci\363n de la memoria}{chapter.1}% 8
\BOOKMARK [1][-]{section.1.5}{Convenciones}{chapter.1}% 9
\BOOKMARK [0][-]{chapter.2}{Estado del arte\(Por decidir\)}{}% 10
\BOOKMARK [1][-]{section.2.1}{Estado del arte en entornos no distribuidos}{chapter.2}% 11
\BOOKMARK [2][-]{subsection.2.1.1}{Operaci\363n mediante cpus}{section.2.1}% 12
\BOOKMARK [2][-]{subsection.2.1.2}{Operaci\363n mediante gpus}{section.2.1}% 13
\BOOKMARK [1][-]{section.2.2}{Estado del arte en entornos distribuidos}{chapter.2}% 14
\BOOKMARK [2][-]{subsection.2.2.1}{Operaci\363n mediante cpus}{section.2.2}% 15
\BOOKMARK [2][-]{subsection.2.2.2}{Operaci\363n mediante gpus}{section.2.2}% 16
\BOOKMARK [0][-]{chapter.3}{An\341lisis y mejora del problema}{}% 17
\BOOKMARK [0][-]{chapter.4}{Primera aproximaci\363n mediante M.P.I}{}% 18
\BOOKMARK [1][-]{section.4.1}{\315ndices de bloque}{chapter.4}% 19
\BOOKMARK [2][-]{subsection.4.1.1}{Row major order}{section.4.1}% 20
\BOOKMARK [2][-]{subsection.4.1.2}{Column major order}{section.4.1}% 21
\BOOKMARK [1][-]{section.4.2}{Distribuci\363n y recuperaci\363n de matrices}{chapter.4}% 22
\BOOKMARK [1][-]{section.4.3}{Algoritmo S.U.M.M.A}{chapter.4}% 23
\BOOKMARK [0][-]{chapter.5}{Soluci\363n del problema en GPUs}{}% 24
\BOOKMARK [1][-]{section.5.1}{Modelos de programaci\363n y elecci\363n de uno}{chapter.5}% 25
\BOOKMARK [1][-]{section.5.2}{Abstracci\363n de GPUS l\363gicas}{chapter.5}% 26
\BOOKMARK [1][-]{section.5.3}{Principales modificaciones}{chapter.5}% 27
\BOOKMARK [1][-]{section.5.4}{Mejoras de rendimiento}{chapter.5}% 28
\BOOKMARK [0][-]{chapter.6}{Creaci\363n de librer\355as}{}% 29
\BOOKMARK [1][-]{section.6.1}{C++\(Por decidir\)}{chapter.6}% 30
\BOOKMARK [1][-]{section.6.2}{Matlab}{chapter.6}% 31
\BOOKMARK [1][-]{section.6.3}{Python}{chapter.6}% 32
\BOOKMARK [0][-]{chapter.7}{Comparaci\363n de rendimiento}{}% 33
\BOOKMARK [0][-]{chapter.8}{Conclusi\363n}{}% 34
\BOOKMARK [0][-]{chapter.9}{Trabajo futuro}{}% 35
\BOOKMARK [1][-]{section.9.1}{Versi\363n conjunta de mpi y nccl con capacidad multinodo}{chapter.9}% 36
\BOOKMARK [1][-]{section.9.2}{Soporte para arquitecturas con tensorcores}{chapter.9}% 37
\BOOKMARK [1][-]{section.9.3}{Ampliaci\363n de tipos soportados}{chapter.9}% 38
\BOOKMARK [1][-]{section.9.4}{Ampliaci\363n de las operaciones soportadas}{chapter.9}% 39
\BOOKMARK [0][-]{chapter*.4}{Bibliograf\355a}{}% 40
